        -:    0:Source:fly.h
        -:    0:Graph:fly.gcno
        -:    0:Data:fly.gcda
        -:    0:Runs:1
        -:    0:Programs:1
        -:    1:#ifndef _FLY_H_
        -:    2:#define _FLY_H_
        -:    3:
        -:    4:class Fly {
        -:    5:public:
        -:    6:  Fly();
        -:    7:
        -:    8:private:
function _ZN3Fly7prepareEv called 1 returned 100% blocks executed 100%
        1:    9:  void prepare(){}
        -:   10:  int hehe();
        -:   11:};
        -:   12:
        -:   13:#endif
        -:   14:
