        -:    0:Source:fly.cpp
        -:    0:Programs:2
        -:    1:#include "fly.h"
        -:    2:
        5:    3:int global() {
        5:    4:  return 1;
        -:    5:}
        -:    6:
        1:    7:Fly::Fly() {
        1:    8:  prepare();
        1:    9:}
        -:   10:
        1:   11:void Fly::prepare() {
        6:   12:  for (int i = 0; i < 5; i++)
        5:   13:    global();
        1:   14:}
        -:   15:
    #####:   16:int Fly::hehe() {
    #####:   17:}
        -:   18:
