        -:    0:Source:main.cpp
        -:    0:Graph:main.gcno
        -:    0:Data:main.gcda
        -:    0:Runs:2
        -:    0:Programs:1
        -:    1:#include <iostream>
        -:    2:using namespace std;
        -:    3:
        -:    4:class Foo {
        -:    5:public:
        2:    6:  void foo() {
        2:    7:    cout << __FILE__ << endl;
        2:    8:    cout << __LINE__ << endl;
        2:    9:    cout << __FUNCTION__ << endl;
        2:   10:  }
        -:   11:
        2:   12:  void foo(int x) {
        2:   13:    cout << __FILE__ << endl;
        2:   14:    cout << __LINE__ << endl;
        2:   15:    cout << __FUNCTION__ << endl;
        2:   16:  }
        -:   17:};
        -:   18:
        -:   19:class Foo2 {
        -:   20:public:
        2:   21:  void foo() {
        2:   22:    cout << __FILE__ << endl;
        2:   23:    cout << __LINE__ << endl;
        2:   24:    cout << __FUNCTION__ << endl;
        2:   25:  }
        -:   26:};
        -:   27:
        2:   28:int main() {
        -:   29:  Foo foo;
        2:   30:  foo.foo();
        2:   31:  foo.foo(1);
        -:   32:  Foo2 foo2;
        2:   33:  foo2.foo();
        2:   34:  return 0;
        6:   35:}
        -:   36:
